[07:54:25] [ServerMain/INFO]: Building unoptimized datafixer
[07:54:28] [ServerMain/INFO]: Environment: authHost='https://authserver.mojang.com', accountsHost='https://api.mojang.com', sessionHost='https://sessionserver.mojang.com', servicesHost='https://api.minecraftservices.com', name='PROD'
[07:54:28] [ServerMain/INFO]: Found new data pack file/bukkit, loading it automatically
[07:54:30] [ServerMain/INFO]: Loaded 7 recipes
[07:54:32] [Server thread/INFO]: Starting minecraft server version 1.19.3
[07:54:32] [Server thread/INFO]: Loading properties
[07:54:32] [Server thread/INFO]: This server is running Paper version git-Paper-448 (MC: 1.19.3) (Implementing API version 1.19.3-R0.1-SNAPSHOT) (Git: 155aa36)
[07:54:32] [Server thread/INFO]: Server Ping Player Sample Count: 12
[07:54:32] [Server thread/INFO]: Using 4 threads for Netty based IO
[07:54:32] [Server thread/INFO]: [ChunkTaskScheduler] Chunk system is using 1 I/O threads, 1 worker threads, and gen parallelism of 1 threads
[07:54:32] [Server thread/INFO]: Default game type: SURVIVAL
[07:54:32] [Server thread/INFO]: Generating keypair
[07:54:33] [Server thread/INFO]: Starting Minecraft server on *:25565
[07:54:33] [Server thread/INFO]: Using epoll channel type
[07:54:33] [Server thread/INFO]: Paper: Using libdeflate (Linux x86_64) compression from Velocity.
[07:54:33] [Server thread/INFO]: Paper: Using OpenSSL 3.0.x (Linux x86_64) cipher from Velocity.
[07:54:33] [Server thread/WARN]: **** SERVER IS RUNNING IN OFFLINE/INSECURE MODE!
[07:54:33] [Server thread/WARN]: The server will make no attempt to authenticate usernames. Beware.
[07:54:33] [Server thread/WARN]: While this makes the game possible to play without internet access, it also opens up the ability for hackers to connect with any username they choose.
[07:54:33] [Server thread/WARN]: To change this, set "online-mode" to "true" in the server.properties file.
[07:54:33] [Server thread/INFO]: Preparing level "world"
[07:54:46] [Server thread/INFO]: Preparing start region for dimension minecraft:overworld
[07:54:46] [Server thread/INFO]: Time elapsed: 242 ms
[07:54:46] [Server thread/INFO]: Preparing start region for dimension minecraft:the_nether
[07:54:47] [Server thread/INFO]: Time elapsed: 283 ms
[07:54:47] [Server thread/INFO]: Preparing start region for dimension minecraft:the_end
[07:54:47] [Server thread/INFO]: Time elapsed: 308 ms
[07:54:47] [Server thread/INFO]: Running delayed init tasks
[07:54:47] [Server thread/INFO]: Done (15.390s)! For help, type "help"
[07:54:47] [Server thread/INFO]: Timings Reset
